#! /usr/bin/vvp
:ivl_version "10.3 (stable)";
:ivl_delay_selection "TYPICAL";
:vpi_time_precision - 12;
:vpi_module "system";
:vpi_module "vhdl_sys";
:vpi_module "v2005_math";
:vpi_module "va_math";
S_0x55b4bb5f5180 .scope module, "test" "test" 2 3;
 .timescale -9 -12;
v0x55b4bb62ae00_0 .var "a", 3 0;
v0x55b4bb62aee0_0 .var "b", 3 0;
v0x55b4bb62afb0_0 .var "cin", 0 0;
v0x55b4bb62b0b0_0 .net "cout", 0 0, v0x55b4bb62ab70_0;  1 drivers
v0x55b4bb62b180_0 .net "sum", 3 0, v0x55b4bb62ac30_0;  1 drivers
S_0x55b4bb616950 .scope module, "uut" "fulladder" 2 10, 3 1 0, S_0x55b4bb5f5180;
 .timescale 0 0;
    .port_info 0 /INPUT 4 "a"
    .port_info 1 /INPUT 4 "b"
    .port_info 2 /INPUT 1 "cin"
    .port_info 3 /OUTPUT 1 "cout"
    .port_info 4 /OUTPUT 4 "sum"
v0x55b4bb616bc0_0 .net "a", 3 0, v0x55b4bb62ae00_0;  1 drivers
v0x55b4bb62a9c0_0 .net "b", 3 0, v0x55b4bb62aee0_0;  1 drivers
v0x55b4bb62aaa0_0 .net "cin", 0 0, v0x55b4bb62afb0_0;  1 drivers
v0x55b4bb62ab70_0 .var "cout", 0 0;
v0x55b4bb62ac30_0 .var "sum", 3 0;
E_0x55b4bb5e0830 .event edge, v0x55b4bb62aaa0_0, v0x55b4bb62a9c0_0, v0x55b4bb616bc0_0;
    .scope S_0x55b4bb616950;
T_0 ;
    %wait E_0x55b4bb5e0830;
    %load/vec4 v0x55b4bb616bc0_0;
    %pad/u 5;
    %load/vec4 v0x55b4bb62a9c0_0;
    %pad/u 5;
    %add;
    %load/vec4 v0x55b4bb62aaa0_0;
    %pad/u 5;
    %add;
    %split/vec4 4;
    %store/vec4 v0x55b4bb62ac30_0, 0, 4;
    %store/vec4 v0x55b4bb62ab70_0, 0, 1;
    %jmp T_0;
    .thread T_0, $push;
    .scope S_0x55b4bb5f5180;
T_1 ;
    %pushi/vec4 0, 0, 4;
    %store/vec4 v0x55b4bb62ae00_0, 0, 4;
    %pushi/vec4 0, 0, 4;
    %store/vec4 v0x55b4bb62aee0_0, 0, 4;
    %pushi/vec4 0, 0, 1;
    %store/vec4 v0x55b4bb62afb0_0, 0, 1;
    %vpi_call 2 17 "$dumpfile", "addertst.vcd" {0 0 0};
    %vpi_call 2 18 "$dumpvars", 32'sb00000000000000000000000000000000, S_0x55b4bb5f5180 {0 0 0};
    %delay 10000, 0;
    %pushi/vec4 1, 0, 1;
    %store/vec4 v0x55b4bb62afb0_0, 0, 1;
    %pushi/vec4 1, 0, 4;
    %store/vec4 v0x55b4bb62ae00_0, 0, 4;
    %pushi/vec4 2, 0, 4;
    %store/vec4 v0x55b4bb62aee0_0, 0, 4;
    %delay 10000, 0;
    %pushi/vec4 0, 0, 1;
    %store/vec4 v0x55b4bb62afb0_0, 0, 1;
    %pushi/vec4 1, 0, 4;
    %store/vec4 v0x55b4bb62ae00_0, 0, 4;
    %pushi/vec4 2, 0, 4;
    %store/vec4 v0x55b4bb62aee0_0, 0, 4;
    %delay 10000, 0;
    %pushi/vec4 1, 0, 1;
    %store/vec4 v0x55b4bb62afb0_0, 0, 1;
    %pushi/vec4 4, 0, 4;
    %store/vec4 v0x55b4bb62ae00_0, 0, 4;
    %pushi/vec4 1, 0, 4;
    %store/vec4 v0x55b4bb62aee0_0, 0, 4;
    %delay 10000, 0;
    %pushi/vec4 0, 0, 1;
    %store/vec4 v0x55b4bb62afb0_0, 0, 1;
    %pushi/vec4 4, 0, 4;
    %store/vec4 v0x55b4bb62ae00_0, 0, 4;
    %pushi/vec4 1, 0, 4;
    %store/vec4 v0x55b4bb62aee0_0, 0, 4;
    %delay 10000, 0;
    %pushi/vec4 1, 0, 1;
    %store/vec4 v0x55b4bb62afb0_0, 0, 1;
    %pushi/vec4 12, 0, 4;
    %store/vec4 v0x55b4bb62ae00_0, 0, 4;
    %pushi/vec4 0, 0, 4;
    %store/vec4 v0x55b4bb62aee0_0, 0, 4;
    %delay 10000, 0;
    %pushi/vec4 0, 0, 1;
    %store/vec4 v0x55b4bb62afb0_0, 0, 1;
    %pushi/vec4 12, 0, 4;
    %store/vec4 v0x55b4bb62ae00_0, 0, 4;
    %pushi/vec4 0, 0, 4;
    %store/vec4 v0x55b4bb62aee0_0, 0, 4;
    %delay 20000, 0;
    %vpi_call 2 34 "$finish" {0 0 0};
    %end;
    .thread T_1;
# The file index is used to find the file name in the following table.
:file_names 4;
    "N/A";
    "<interactive>";
    "fulladder_tst.v";
    "fulladder.v";
